[2025-07-04T10:25:09.006Z] INFO: [GET /api/v1/stats 304 87ms
[2025-07-04T10:25:09.047Z] INFO: [GET /api/v1/stats 304 37ms
[2025-07-04T11:36:34.336Z] INFO: [GET / 200 32ms
[2025-07-04T11:36:34.772Z] INFO: [GET /favicon.ico 404 6ms
[2025-07-04T11:46:51.074Z] INFO: [GET /api/v1/auth/me 304 20ms
[2025-07-04T11:46:51.357Z] INFO: [GET /api/v1/stats 304 150ms
[2025-07-04T11:46:51.640Z] INFO: [GET /api/v1/stats 304 279ms
[2025-07-04T11:47:00.358Z] INFO: [GET /api/v1/payments 304 47ms
[2025-07-04T11:47:00.389Z] INFO: [GET /api/v1/payments 304 21ms
[2025-07-04T11:47:02.185Z] INFO: [GET /api/v1/users 304 14ms
[2025-07-04T11:47:02.199Z] INFO: [GET /api/v1/users 304 9ms
[2025-07-04T11:47:06.123Z] INFO: [GET /api/v1/users 304 23ms
[2025-07-04T11:47:06.128Z] INFO: [GET /api/v1/users 200 18ms
[2025-07-04T11:47:06.182Z] INFO: [GET /api/v1/marketing 200 35ms
[2025-07-04T11:47:06.188Z] INFO: [GET /api/v1/marketing 304 37ms
[2025-07-04T11:47:07.434Z] INFO: [GET /api/v1/payments 304 12ms
[2025-07-04T11:47:07.436Z] INFO: [GET /api/v1/payments 200 12ms
[2025-07-04T11:47:08.971Z] INFO: [GET /api/v1/marketing 304 23ms
[2025-07-04T11:47:08.974Z] INFO: [GET /api/v1/marketing 200 22ms
[2025-07-04T11:47:08.993Z] INFO: [GET /api/v1/users 200 15ms
[2025-07-04T11:47:08.996Z] INFO: [GET /api/v1/users 304 21ms
[2025-07-04T11:47:12.161Z] INFO: [GET /api/v1/payments 200 26ms
[2025-07-04T11:47:12.169Z] INFO: [GET /api/v1/payments 304 31ms
[2025-07-04T11:47:15.129Z] INFO: [GET /api/v1/users 200 23ms
[2025-07-04T11:47:15.132Z] INFO: [GET /api/v1/users 304 23ms
[2025-07-04T11:47:15.163Z] INFO: [GET /api/v1/marketing 304 45ms
[2025-07-04T11:47:15.166Z] INFO: [GET /api/v1/marketing 200 44ms
[2025-07-04T12:11:18.879Z] INFO: [GET /api/v1/tasks 200 16ms
[2025-07-04T12:11:18.882Z] INFO: [GET /api/v1/tasks 304 16ms
[2025-07-04T12:11:22.086Z] INFO: [GET /api/v1/payments 304 11ms
[2025-07-04T12:11:22.104Z] INFO: [GET /api/v1/payments 304 14ms
[2025-07-04T12:11:27.167Z] INFO: [GET /api/v1/tasks 304 7ms
[2025-07-04T12:11:27.180Z] INFO: [GET /api/v1/tasks 304 11ms
[2025-07-04T12:11:29.139Z] INFO: [GET /api/v1/users 304 7ms
[2025-07-04T12:11:47.478Z] INFO: [POST /api/v1/tasks 201 35ms
[2025-07-04T12:11:47.505Z] INFO: [GET /api/v1/tasks 200 16ms
[2025-07-04T12:12:03.586Z] INFO: [GET /api/v1/auth/me 304 16ms
[2025-07-04T12:12:03.778Z] INFO: [GET /api/v1/tasks 304 65ms
[2025-07-04T12:12:03.806Z] INFO: [GET /api/v1/tasks 200 60ms
[2025-07-04T12:12:05.903Z] INFO: [GET /api/v1/users 304 10ms
[2025-07-04T12:12:09.241Z] INFO: [POST /api/v1/tasks 201 5ms
[2025-07-04T12:12:09.258Z] INFO: [GET /api/v1/tasks 200 10ms
[2025-07-04T12:12:36.645Z] INFO: [GET /api/v1/videos 304 49ms
[2025-07-04T12:12:36.722Z] INFO: [GET /api/v1/videos 304 46ms
[2025-07-04T12:12:38.374Z] INFO: [GET /api/v1/tasks 304 17ms
[2025-07-04T12:12:38.408Z] INFO: [GET /api/v1/tasks 304 27ms
[2025-07-04T12:35:39.501Z] INFO: [GET /api/v1/users 304 6ms
[2025-07-04T12:35:40.432Z] INFO: [GET /api/v1/tasks 304 35ms
[2025-07-04T12:35:40.437Z] INFO: [GET /api/v1/tasks 200 26ms
[2025-07-04T12:35:41.666Z] INFO: [GET /api/v1/users 304 6ms
[2025-07-04T12:43:18.842Z] INFO: [GET /api/v1/tasks 304 53ms
[2025-07-04T12:43:18.873Z] INFO: [GET /api/v1/tasks 304 22ms
[2025-07-04T12:43:21.944Z] INFO: [GET /api/v1/tasks 304 25ms
[2025-07-04T12:43:21.953Z] INFO: [GET /api/v1/tasks 200 24ms
[2025-07-04T12:43:23.837Z] INFO: [GET /api/v1/payments 304 10ms
[2025-07-04T12:43:23.857Z] INFO: [GET /api/v1/payments 304 14ms
[2025-07-04T12:43:25.331Z] INFO: [GET /api/v1/tasks 200 17ms
[2025-07-04T12:43:25.334Z] INFO: [GET /api/v1/tasks 304 17ms
[2025-07-04T12:43:27.634Z] INFO: [GET /api/v1/users 304 9ms
[2025-07-04T12:47:14.097Z] INFO: [GET /api/v1/users 304 25ms
[2025-07-04T12:47:19.056Z] INFO: [GET /api/v1/payments 304 24ms
[2025-07-04T12:47:19.058Z] INFO: [GET /api/v1/payments 200 22ms
[2025-07-04T12:47:20.047Z] INFO: [GET /api/v1/tasks 200 11ms
[2025-07-04T12:47:20.062Z] INFO: [GET /api/v1/tasks 304 13ms
[2025-07-04T12:47:21.537Z] INFO: [GET /api/v1/auth/me 304 43ms
[2025-07-04T12:47:21.814Z] INFO: [GET /api/v1/tasks 304 98ms
[2025-07-04T12:47:21.842Z] INFO: [GET /api/v1/tasks 200 119ms
[2025-07-04T12:47:22.833Z] INFO: [GET /api/v1/users 304 11ms
[2025-07-04T12:49:20.283Z] INFO: [GET /api/v1/contests 200 15ms
[2025-07-04T12:49:20.289Z] INFO: [GET /api/v1/users 304 19ms
[2025-07-04T12:50:38.285Z] INFO: [POST /api/v1/contests 201 39ms
[2025-07-04T12:50:38.316Z] INFO: [GET /api/v1/contests 200 17ms
[2025-07-04T12:54:08.121Z] INFO: [GET /api/v1/auth/me 304 36ms
[2025-07-04T12:54:15.987Z] INFO: [GET /api/v1/auth/me 304 38ms
[2025-07-04T12:54:16.285Z] INFO: [GET /api/v1/users 200 66ms
[2025-07-04T12:54:16.292Z] INFO: [GET /api/v1/users 304 66ms
[2025-07-04T12:54:16.300Z] INFO: [GET /api/v1/contests 304 90ms
[2025-07-04T12:54:16.319Z] INFO: [GET /api/v1/contests 200 50ms
[2025-07-04T13:00:27.936Z] INFO: [GET /api/v1/auth/me 304 15ms
[2025-07-04T13:00:28.156Z] INFO: [GET /api/v1/users 304 23ms
[2025-07-04T13:00:28.173Z] INFO: [GET /api/v1/contests 200 37ms
[2025-07-04T13:00:28.176Z] INFO: [GET /api/v1/contests 304 35ms
[2025-07-04T13:00:28.185Z] INFO: [GET /api/v1/users 200 17ms
[2025-07-04T13:19:29.223Z] INFO: [GET /api/v1/payments 304 39ms
[2025-07-04T13:19:29.226Z] INFO: [GET /api/v1/payments 200 62ms
[2025-07-04T13:19:32.216Z] INFO: [GET /api/v1/users 200 22ms
[2025-07-04T13:19:32.230Z] INFO: [GET /api/v1/contests 304 33ms
[2025-07-04T13:19:32.232Z] INFO: [GET /api/v1/users 304 32ms
[2025-07-04T13:19:32.234Z] INFO: [GET /api/v1/contests 200 43ms
